<?xml version="1.0" encoding="UTF-8"?>
<testsuites name="Phase 1" time="88.275" tests="3" failures="0" errors="0">
   <testsuite name="Phase 1" tests="3" failures="0" errors="0" time="88.275" skipped="0" timestamp="16-05-2025T23:32:24" hostname="yashkabra - localhost" id="Test Suites/Phase 1">
      <properties>
         <property name="deviceName" value=""/>
         <property name="devicePlatform"/>
         <property name="logFolder" value="/Users/yashkabra/Katalon Studio/Quantumtrades/Reports/20250516_233219/Phase 1/20250516_233221"/>
         <property name="logFiles" value="/Users/yashkabra/Katalon Studio/Quantumtrades/Reports/20250516_233219/Phase 1/20250516_233221/execution0.log, /Users/yashkabra/Katalon Studio/Quantumtrades/Reports/20250516_233219/Phase 1/20250516_233221/console0.log"/>
         <property name="attachments" value=""/>
         <property name="hostName" value="yashkabra - localhost"/>
         <property name="os" value="Mac OS X 64bit"/>
         <property name="katalonVersion" value="10.2.0.0"/>
         <property name="browser" value="Chrome 136.0.7103.114"/>
         <property name="userFullName" value="yash kabra"/>
         <property name="hostAddress" value="127.0.0.1"/>
         <property name="sessionId" value="a8d9de3553118ac56032fdb40fdd7a62"/>
         <property name="projectName" value="Quantumtrades"/>
         <property name="seleniumVersion" value="4.28.1"/>
         <property name="proxyInformation" value="ProxyInformation { proxyOption=NO_PROXY, proxyServerType=HTTP, username=, password=********, proxyServerAddress=, proxyServerPort=0, executionList=&quot;&quot;, isApplyToDesiredCapabilities=true }"/>
         <property name="platform" value="Mac OS X"/>
      </properties>
      <testcase name="Test Cases/Login_and_SignUp/Standard_Login_TC" time="41.234" classname="Test Cases/Login_and_SignUp/Standard_Login_TC" status="PASSED">
         <system-out><![CDATA[16-05-2025T23:32:24 - [TEST_CASE][PASSED] - Test Cases/Login_and_SignUp/Standard_Login_TC: Test Cases/Login_and_SignUp/Standard_Login_TC

16-05-2025T23:32:24 - [TEST_STEP][PASSED] - Start listener action : beforeTestCase: null

16-05-2025T23:32:24 - [TEST_STEP][PASSED] - GLUE = ["common", "operations"]: null

16-05-2025T23:32:24 - [TEST_STEP][PASSED] - openBrowser(""): Browser is opened with url: ''

16-05-2025T23:32:24 - [MESSAGE][INFO] - Starting 'Chrome' driver

16-05-2025T23:32:24 - [MESSAGE][INFO] - Action delay is set to 0 milliseconds

16-05-2025T23:32:27 - [MESSAGE][PASSED] - Browser is opened with url: ''

16-05-2025T23:32:27 - [TEST_STEP][PASSED] - navigateToUrl("https://dev-portal.quantumtrades.com/"): Navigate to 'https://dev-portal.quantumtrades.com/' successfully

16-05-2025T23:32:35 - [MESSAGE][PASSED] - Navigate to 'https://dev-portal.quantumtrades.com/' successfully

16-05-2025T23:32:35 - [TEST_STEP][PASSED] - click(findTestObject("Object Repository/Login_page/Page_QuantumTrades/input_Enter your email or phone number")): Object: 'Object Repository/Login_page/Page_QuantumTrades/input_Enter your email or phone number' is clicked on

16-05-2025T23:32:35 - [MESSAGE][PASSED] - Object: 'Object Repository/Login_page/Page_QuantumTrades/input_Enter your email or phone number' is clicked on

16-05-2025T23:32:35 - [TEST_STEP][PASSED] - sendKeys(findTestObject("Object Repository/Login_page/Page_QuantumTrades/input_Enter your email or phone number"), "yashkabra30@gmail.com"): Keys 'yashkabra30@gmail.com' sent to object: 'Object Repository/Login_page/Page_QuantumTrades/input_Enter your email or phone number'

16-05-2025T23:32:36 - [MESSAGE][PASSED] - Keys 'yashkabra30@gmail.com' sent to object: 'Object Repository/Login_page/Page_QuantumTrades/input_Enter your email or phone number'

16-05-2025T23:32:36 - [TEST_STEP][PASSED] - delay(10): Delayed 10 second(s)

16-05-2025T23:32:46 - [MESSAGE][PASSED] - Delayed 10 second(s)

16-05-2025T23:32:46 - [TEST_STEP][PASSED] - click(findTestObject("Object Repository/Login_page/Page_QuantumTrades/button_signInBtnEmailContinue")): Object: 'Object Repository/Login_page/Page_QuantumTrades/button_signInBtnEmailContinue' is clicked on

16-05-2025T23:32:46 - [MESSAGE][PASSED] - Object: 'Object Repository/Login_page/Page_QuantumTrades/button_signInBtnEmailContinue' is clicked on

16-05-2025T23:32:46 - [TEST_STEP][PASSED] - click(findTestObject("Object Repository/Login_page/Page_QuantumTrades/input_Please enter your password")): Object: 'Object Repository/Login_page/Page_QuantumTrades/input_Please enter your password' is clicked on

16-05-2025T23:32:57 - [MESSAGE][PASSED] - Object: 'Object Repository/Login_page/Page_QuantumTrades/input_Please enter your password' is clicked on

16-05-2025T23:32:57 - [TEST_STEP][PASSED] - setEncryptedText(findTestObject("Object Repository/Login_page/Page_QuantumTrades/input_Please enter your password"), "cvW8qx4B2o1WegCEDy41Xg=="): Text ****** has been set on object 'Object Repository/Login_page/Page_QuantumTrades/input_Please enter your password'

16-05-2025T23:32:58 - [MESSAGE][PASSED] - Text ****** has been set on object 'Object Repository/Login_page/Page_QuantumTrades/input_Please enter your password'

16-05-2025T23:32:58 - [TEST_STEP][PASSED] - click(findTestObject("Object Repository/Login_page/Page_QuantumTrades/button_signInBtnPasswordContinue")): Object: 'Object Repository/Login_page/Page_QuantumTrades/button_signInBtnPasswordContinue' is clicked on

16-05-2025T23:32:58 - [MESSAGE][PASSED] - Object: 'Object Repository/Login_page/Page_QuantumTrades/button_signInBtnPasswordContinue' is clicked on

16-05-2025T23:32:58 - [TEST_STEP][PASSED] - verifyElementPresent(findTestObject("Object Repository/Login_page/Page_QuantumTrades/p_user-welcome"), 0): Object 'Object Repository/Login_page/Page_QuantumTrades/p_user-welcome' is present

16-05-2025T23:32:58 - [MESSAGE][WARNING] - Timeout '0' is invalid. Using default page load timeout: '30'

16-05-2025T23:33:05 - [MESSAGE][PASSED] - Object 'Object Repository/Login_page/Page_QuantumTrades/p_user-welcome' is present

16-05-2025T23:33:05 - [TEST_STEP][PASSED] - closeBrowser(): Browser is closed

16-05-2025T23:33:05 - [MESSAGE][PASSED] - Browser is closed

16-05-2025T23:33:05 - [TEST_STEP][PASSED] - Start listener action : sampleAfterTestCase: Browser is closed

16-05-2025T23:33:05 - [TEST_STEP][PASSED] - closeBrowser(): Browser is closed

16-05-2025T23:33:05 - [MESSAGE][PASSED] - Browser is closed]]></system-out>
         <system-err><![CDATA[]]></system-err>
      </testcase>
      <testcase name="Test Cases/Login_and_SignUp/Login_With_Valid_Email_Invalid_PWD_TC" time="32.665" classname="Test Cases/Login_and_SignUp/Login_With_Valid_Email_Invalid_PWD_TC" status="PASSED">
         <system-out><![CDATA[16-05-2025T23:33:05 - [TEST_CASE][PASSED] - Test Cases/Login_and_SignUp/Login_With_Valid_Email_Invalid_PWD_TC: Test Cases/Login_and_SignUp/Login_With_Valid_Email_Invalid_PWD_TC

16-05-2025T23:33:05 - [TEST_STEP][PASSED] - Start listener action : beforeTestCase: null

16-05-2025T23:33:05 - [TEST_STEP][PASSED] - GLUE = ["common", "operations"]: null

16-05-2025T23:33:05 - [TEST_STEP][PASSED] - openBrowser(""): Browser is opened with url: ''

16-05-2025T23:33:05 - [MESSAGE][INFO] - Starting 'Chrome' driver

16-05-2025T23:33:05 - [MESSAGE][INFO] - Action delay is set to 0 milliseconds

16-05-2025T23:33:06 - [MESSAGE][PASSED] - Browser is opened with url: ''

16-05-2025T23:33:06 - [TEST_STEP][PASSED] - navigateToUrl("https://dev-portal.quantumtrades.com/"): Navigate to 'https://dev-portal.quantumtrades.com/' successfully

16-05-2025T23:33:14 - [MESSAGE][PASSED] - Navigate to 'https://dev-portal.quantumtrades.com/' successfully

16-05-2025T23:33:14 - [TEST_STEP][PASSED] - setText(findTestObject("Object Repository/Login_page/Page_QuantumTrades/input_Enter your email or phone number"), "yashkabra30@gmail.com"): Text 'yashkabra30@gmail.com' is set on object 'Object Repository/Login_page/Page_QuantumTrades/input_Enter your email or phone number'

16-05-2025T23:33:15 - [MESSAGE][PASSED] - Text 'yashkabra30@gmail.com' is set on object 'Object Repository/Login_page/Page_QuantumTrades/input_Enter your email or phone number'

16-05-2025T23:33:15 - [TEST_STEP][PASSED] - click(findTestObject("Object Repository/Login_page/Page_QuantumTrades/button_signInBtnEmailContinue")): Object: 'Object Repository/Login_page/Page_QuantumTrades/button_signInBtnEmailContinue' is clicked on

16-05-2025T23:33:16 - [MESSAGE][PASSED] - Object: 'Object Repository/Login_page/Page_QuantumTrades/button_signInBtnEmailContinue' is clicked on

16-05-2025T23:33:16 - [TEST_STEP][PASSED] - click(findTestObject("Object Repository/Login_page/Page_QuantumTrades/button_signInBtnEmailContinue")): Object: 'Object Repository/Login_page/Page_QuantumTrades/button_signInBtnEmailContinue' is clicked on

16-05-2025T23:33:21 - [MESSAGE][PASSED] - Object: 'Object Repository/Login_page/Page_QuantumTrades/button_signInBtnEmailContinue' is clicked on

16-05-2025T23:33:21 - [TEST_STEP][PASSED] - click(findTestObject("Object Repository/Login_page/Page_QuantumTrades/button_signInBtnEmailContinue")): Object: 'Object Repository/Login_page/Page_QuantumTrades/button_signInBtnEmailContinue' is clicked on

16-05-2025T23:33:23 - [MESSAGE][PASSED] - Object: 'Object Repository/Login_page/Page_QuantumTrades/button_signInBtnEmailContinue' is clicked on

16-05-2025T23:33:23 - [TEST_STEP][PASSED] - click(findTestObject("Object Repository/Login_page/Page_QuantumTrades/input_Please enter your password")): Object: 'Object Repository/Login_page/Page_QuantumTrades/input_Please enter your password' is clicked on

16-05-2025T23:33:35 - [MESSAGE][PASSED] - Object: 'Object Repository/Login_page/Page_QuantumTrades/input_Please enter your password' is clicked on

16-05-2025T23:33:35 - [TEST_STEP][PASSED] - setEncryptedText(findTestObject("Object Repository/Login_page/Page_QuantumTrades/input_Please enter your password"), "cvW8qx4B2o1gIDzvWT+0mQ=="): Text ****** has been set on object 'Object Repository/Login_page/Page_QuantumTrades/input_Please enter your password'

16-05-2025T23:33:35 - [MESSAGE][PASSED] - Text ****** has been set on object 'Object Repository/Login_page/Page_QuantumTrades/input_Please enter your password'

16-05-2025T23:33:35 - [TEST_STEP][PASSED] - click(findTestObject("Object Repository/Login_page/Page_QuantumTrades/button_signInBtnPasswordContinue")): Object: 'Object Repository/Login_page/Page_QuantumTrades/button_signInBtnPasswordContinue' is clicked on

16-05-2025T23:33:35 - [MESSAGE][PASSED] - Object: 'Object Repository/Login_page/Page_QuantumTrades/button_signInBtnPasswordContinue' is clicked on

16-05-2025T23:33:35 - [TEST_STEP][PASSED] - click(findTestObject("Object Repository/Login_page/Page_QuantumTrades/p_Invalid Password")): Object: 'Object Repository/Login_page/Page_QuantumTrades/p_Invalid Password' is clicked on

16-05-2025T23:33:38 - [MESSAGE][PASSED] - Object: 'Object Repository/Login_page/Page_QuantumTrades/p_Invalid Password' is clicked on

16-05-2025T23:33:38 - [TEST_STEP][PASSED] - closeBrowser(): Browser is closed

16-05-2025T23:33:38 - [MESSAGE][PASSED] - Browser is closed

16-05-2025T23:33:38 - [TEST_STEP][PASSED] - Start listener action : sampleAfterTestCase: Browser is closed

16-05-2025T23:33:38 - [TEST_STEP][PASSED] - closeBrowser(): Browser is closed

16-05-2025T23:33:38 - [MESSAGE][PASSED] - Browser is closed]]></system-out>
         <system-err><![CDATA[]]></system-err>
      </testcase>
      <testcase name="Test Cases/Login_and_SignUp/Login_With_Invalid_Email_TC" time="14.148" classname="Test Cases/Login_and_SignUp/Login_With_Invalid_Email_TC" status="PASSED">
         <system-out><![CDATA[16-05-2025T23:33:38 - [TEST_CASE][PASSED] - Test Cases/Login_and_SignUp/Login_With_Invalid_Email_TC: Test Cases/Login_and_SignUp/Login_With_Invalid_Email_TC

16-05-2025T23:33:38 - [TEST_STEP][PASSED] - Start listener action : beforeTestCase: null

16-05-2025T23:33:38 - [TEST_STEP][PASSED] - GLUE = ["common", "operations"]: null

16-05-2025T23:33:38 - [TEST_STEP][PASSED] - openBrowser(""): Browser is opened with url: ''

16-05-2025T23:33:38 - [MESSAGE][INFO] - Starting 'Chrome' driver

16-05-2025T23:33:38 - [MESSAGE][INFO] - Action delay is set to 0 milliseconds

16-05-2025T23:33:39 - [MESSAGE][PASSED] - Browser is opened with url: ''

16-05-2025T23:33:39 - [TEST_STEP][PASSED] - navigateToUrl("https://dev-portal.quantumtrades.com/"): Navigate to 'https://dev-portal.quantumtrades.com/' successfully

16-05-2025T23:33:40 - [MESSAGE][PASSED] - Navigate to 'https://dev-portal.quantumtrades.com/' successfully

16-05-2025T23:33:40 - [TEST_STEP][PASSED] - setText(findTestObject("Object Repository/Login_page/Page_QuantumTrades/input_Enter your email or phone number"), "test@test.com"): Text 'test@test.com' is set on object 'Object Repository/Login_page/Page_QuantumTrades/input_Enter your email or phone number'

16-05-2025T23:33:47 - [MESSAGE][PASSED] - Text 'test@test.com' is set on object 'Object Repository/Login_page/Page_QuantumTrades/input_Enter your email or phone number'

16-05-2025T23:33:47 - [TEST_STEP][PASSED] - click(findTestObject("Object Repository/Login_page/Page_QuantumTrades/button_signInBtnEmailContinue")): Object: 'Object Repository/Login_page/Page_QuantumTrades/button_signInBtnEmailContinue' is clicked on

16-05-2025T23:33:48 - [MESSAGE][PASSED] - Object: 'Object Repository/Login_page/Page_QuantumTrades/button_signInBtnEmailContinue' is clicked on

16-05-2025T23:33:48 - [TEST_STEP][PASSED] - click(findTestObject("Object Repository/Login_page/Page_QuantumTrades/p_User doesnt exist for the entered email")): Object: 'Object Repository/Login_page/Page_QuantumTrades/p_User doesnt exist for the entered email' is clicked on

16-05-2025T23:33:52 - [MESSAGE][PASSED] - Object: 'Object Repository/Login_page/Page_QuantumTrades/p_User doesnt exist for the entered email' is clicked on

16-05-2025T23:33:52 - [TEST_STEP][PASSED] - closeBrowser(): Browser is closed

16-05-2025T23:33:52 - [MESSAGE][PASSED] - Browser is closed

16-05-2025T23:33:52 - [TEST_STEP][PASSED] - Start listener action : sampleAfterTestCase: Browser is closed

16-05-2025T23:33:52 - [TEST_STEP][PASSED] - closeBrowser(): Browser is closed

16-05-2025T23:33:52 - [MESSAGE][PASSED] - Browser is closed]]></system-out>
         <system-err><![CDATA[]]></system-err>
      </testcase>
      <system-out><![CDATA[16-05-2025T23:32:24 - [TEST_STEP][PASSED] - Start listener action : beforeTestSuite: null

16-05-2025T23:32:24 - [TEST_STEP][PASSED] - startTime = System.currentTimeMillis(): null

16-05-2025T23:32:24 - [TEST_SUITE][PASSED] - Phase 1: Test Cases/Login_and_SignUp/Login_With_Invalid_Email_TC

16-05-2025T23:33:52 - [TEST_STEP][PASSED] - Start listener action : afterTestSuite: null

16-05-2025T23:33:52 - [TEST_STEP][PASSED] - endTime = System.currentTimeMillis(): null

16-05-2025T23:33:52 - [TEST_STEP][PASSED] - durationMillis = endTime - startTime: null

16-05-2025T23:33:52 - [TEST_STEP][PASSED] - durationSecs = durationMillis / 1000: null

16-05-2025T23:33:52 - [TEST_STEP][PASSED] - suiteName = testSuiteContext.getTestSuiteId(): null

16-05-2025T23:33:52 - [TEST_STEP][PASSED] - status = testSuiteContext.getStatus(): null

16-05-2025T23:33:52 - [TEST_STEP][PASSED] - duration = $durationSecs seconds: null

16-05-2025T23:33:52 - [TEST_STEP][PASSED] - date = new java.util.Date(): null

16-05-2025T23:33:52 - [TEST_STEP][PASSED] - dateFormat = new java.text.SimpleDateFormat(yyyyMMdd_HHmmss): null

16-05-2025T23:33:52 - [TEST_STEP][PASSED] - timestamp = dateFormat.format(date): null

16-05-2025T23:33:52 - [TEST_STEP][PASSED] - projectDir = System.getProperty("user.dir"): null

16-05-2025T23:33:52 - [TEST_STEP][PASSED] - reportPath = $projectDir/Reports/$timestamp/$suiteName/$timestamp: null

16-05-2025T23:33:52 - [TEST_STEP][PASSED] - reportDir = new java.io.File(reportPath): null

16-05-2025T23:33:52 - [TEST_STEP][PASSED] - pdfFile = listFiles().find({ -> ... }): null

16-05-2025T23:33:52 - [TEST_STEP][PASSED] - DiscordNotifier().sendDiscordEmbedMessage(suiteName, status, duration, (pdfFile?.absolutePath) ? pdfFile?.absolutePath : reportPath): null]]></system-out>
      <system-err><![CDATA[]]></system-err>
   </testsuite>
</testsuites>
